Results of checkov linter (version 3.2.174)
See documentation on https://megalinter.io/7.13.0/descriptors/repository_checkov/
-----------------------------------------------

❌ [ERROR] for workspace /tmp/lint
Linter raw log:
github_actions scan results:

Passed checks: 338, Failed checks: 6, Skipped checks: 0

Check: CKV2_GHA_1: "Ensure top-level permissions are not set to write-all"
	FAILED for resource: on(Continuous integration)
	File: /.github/workflows/ci.yaml:0-1
Check: CKV2_GHA_1: "Ensure top-level permissions are not set to write-all"
	FAILED for resource: on(Security Audit)
	File: /.github/workflows/audit.yaml:0-1
Check: CKV2_GHA_1: "Ensure top-level permissions are not set to write-all"
	FAILED for resource: on(Next semantic-release version)
	File: /.github/workflows/get_next_version.yaml:0-1
Check: CKV2_GHA_1: "Ensure top-level permissions are not set to write-all"
	FAILED for resource: on(Semantic Release)
	File: /.github/workflows/release.yaml:0-1
Check: CKV2_GHA_1: "Ensure top-level permissions are not set to write-all"
	FAILED for resource: on(Book Deployment)
	File: /.github/workflows/deploy_mdbook.yaml:0-1
Check: CKV2_GHA_1: "Ensure top-level permissions are not set to write-all"
	FAILED for resource: on(Code Coverage)
	File: /.github/workflows/code_coverage.yaml:0-1


