Results of vale linter (version 3.6.0)
See documentation on https://megalinter.io/7.13.0/descriptors/spell_vale/
-----------------------------------------------

❌ [ERROR] for workspace /tmp/lint
Linter raw log:

 .github/ISSUE_TEMPLATE/bug_report.md
 15:11  error  Consider using the '…' symbol   proselint.Typography 
               instead of '...'.                                    
 16:14  error  Consider using the '…' symbol   proselint.Typography 
               instead of '...'.                                    
 17:20  error  Consider using the '…' symbol   proselint.Typography 
               instead of '...'.                                    
 27:21  error  Did you really mean 'linux'?    Vale.Spelling        


 .github/ISSUE_TEMPLATE/feature_request.md
 11:89  error  Consider using the '…' symbol   proselint.Typography 
               instead of '...'.                                    


 .github/PULL_REQUEST_TEMPLATE.md
 27:3  error  Did you really mean             Vale.Spelling 
              'Toolchain'?                                  


 CODE_OF_CONDUCT.md
 13:51  warning  Reconsider using 'sex', it may  alex.ProfanityMaybe 
                 be profane.                                         
 15:54  warning  Reconsider using 'sexual', it   alex.ProfanityMaybe 
                 may be profane.                                     
 36:50  warning  Reconsider using 'sexual', it   alex.ProfanityMaybe 
                 may be profane.                                     


 CONTRIBUTING.md
 73:18  error  Did you really mean             Vale.Spelling 
               'Traceback'?                                  

✖ 7 errors, 3 warnings and 0 suggestions in 8 files.

